{"/Users/user/Desktop/My Projects/Assignments/project 2/src/store/favoritesSlice.ts": {"path":"/Users/user/Desktop/My Projects/Assignments/project 2/src/store/favoritesSlice.ts","statementMap":{"0":{"start":{"line":1,"column":0},"end":{"line":1,"column":62}},"1":{"start":{"line":8,"column":37},"end":{"line":10,"column":2}},"2":{"start":{"line":12,"column":23},"end":{"line":26,"column":2}},"3":{"start":{"line":17,"column":21},"end":{"line":17,"column":76}},"4":{"start":{"line":17,"column":46},"end":{"line":17,"column":75}},"5":{"start":{"line":18,"column":6},"end":{"line":20,"column":7}},"6":{"start":{"line":19,"column":8},"end":{"line":19,"column":41}},"7":{"start":{"line":23,"column":6},"end":{"line":23,"column":75}},"8":{"start":{"line":23,"column":47},"end":{"line":23,"column":73}},"9":{"start":{"line":28,"column":13},"end":{"line":28,"column":47}},"10":{"start":{"line":29,"column":0},"end":{"line":29,"column":38}}},"fnMap":{"0":{"name":"(anonymous_0)","decl":{"start":{"line":16,"column":17},"end":{"line":16,"column":18}},"loc":{"start":{"line":16,"column":59},"end":{"line":21,"column":5}}},"1":{"name":"(anonymous_1)","decl":{"start":{"line":17,"column":38},"end":{"line":17,"column":42}},"loc":{"start":{"line":17,"column":46},"end":{"line":17,"column":75}}},"2":{"name":"(anonymous_2)","decl":{"start":{"line":22,"column":20},"end":{"line":22,"column":21}},"loc":{"start":{"line":22,"column":61},"end":{"line":24,"column":5}}},"3":{"name":"(anonymous_3)","decl":{"start":{"line":23,"column":39},"end":{"line":23,"column":43}},"loc":{"start":{"line":23,"column":47},"end":{"line":23,"column":73}}}},"branchMap":{"0":{"loc":{"start":{"line":18,"column":6},"end":{"line":20,"column":7}},"type":"if","locations":[{"start":{"line":18,"column":6},"end":{"line":20,"column":7}}]}},"s":{"0":1,"1":1,"2":1,"3":2,"4":1,"5":2,"6":1,"7":1,"8":1,"9":1,"10":1},"f":{"0":2,"1":1,"2":1,"3":1},"b":{"0":[1]}}
}
